


ARM Macro Assembler    Page 1 


    1 00000000         ;****************** main.s ***************
    2 00000000         ; Program written by: Arkan Abuyazid and Michael Hernand
                       ez
    3 00000000         ; Date Created: 2/4/2017
    4 00000000         ; Last Modified: 2/15/2017
    5 00000000         ; Brief description of the program
    6 00000000         ;   The LED toggles at 8 Hz and a varying duty-cycle
    7 00000000         ; Hardware connections (External: One button and one LED
                       )
    8 00000000         ;  PE1 is Button input  (1 means pressed, 0 means not pr
                       essed)
    9 00000000         ;  PE0 is LED output (1 activates external9 LED on proto
                       board)
   10 00000000         ;  PF4 is builtin button SW1 on Launchpad (Internal) 
   11 00000000         ;        Negative Logic (0 means pressed, 1 means not pr
                       essed)
   12 00000000         ; Overall functionality of this system is to operate lik
                       e this
   13 00000000         ;   1) Make PE0 an output and make PE1 and PF4 inputs.
   14 00000000         ;   2) The system starts with the the LED toggling at 8H
                       z,
   15 00000000         ;      which is 8 times per second with a duty-cycle of 
                       20%.
   16 00000000         ;      Therefore, the LED is ON for (0.2*1/8)th of a sec
                       ond
   17 00000000         ;      and OFF for (0.8*1/8)th of a second.
   18 00000000         ;   3) When the button on (PE1) is pressed-and-released 
                       increase
   19 00000000         ;      the duty cycle by 20% (modulo 100%). Therefore fo
                       r each
   20 00000000         ;      press-and-release the duty cycle changes from 20%
                        to 40% to 60%
   21 00000000         ;      to 80% to 100%(ON) to 0%(Off) to 20% to 40% so on
                       
   22 00000000         ;   4) Implement a "breathing LED" when SW1 (PF4) on the
                        Launchpad is pressed:
   23 00000000         ;      a) Be creative and play around with what "breathi
                       ng" means.
   24 00000000         ;         An example of "breathing" is most computers po
                       wer LED in sleep mode
   25 00000000         ;         (e.g., https://www.youtube.com/watch?v=ZT6siXy
                       IjvQ).
   26 00000000         ;      b) When (PF4) is released while in breathing mode
                       , resume blinking at 8Hz.
   27 00000000         ;         The duty cycle can either match the most recen
                       t duty-
   28 00000000         ;         cycle or reset to 20%.
   29 00000000         ;      TIP: debugging the breathing LED algorithm and fe
                       el on the simulator is impossible.
   30 00000000         ; PortE device registers
   31 00000000 400243FC 
                       GPIO_PORTE_DATA_R
                               EQU              0x400243FC
   32 00000000 40024400 
                       GPIO_PORTE_DIR_R
                               EQU              0x40024400
   33 00000000 40024420 
                       GPIO_PORTE_AFSEL_R
                               EQU              0x40024420



ARM Macro Assembler    Page 2 


   34 00000000 4002451C 
                       GPIO_PORTE_DEN_R
                               EQU              0x4002451C
   35 00000000         ; PortF device registers
   36 00000000 400253FC 
                       GPIO_PORTF_DATA_R
                               EQU              0x400253FC
   37 00000000 40025400 
                       GPIO_PORTF_DIR_R
                               EQU              0x40025400
   38 00000000 40025420 
                       GPIO_PORTF_AFSEL_R
                               EQU              0x40025420
   39 00000000 40025510 
                       GPIO_PORTF_PUR_R
                               EQU              0x40025510
   40 00000000 4002551C 
                       GPIO_PORTF_DEN_R
                               EQU              0x4002551C
   41 00000000 0002867C 
                       TERM    EQU              0x0002867C  ; one millisecond
   42 00000000 400FE608 
                       SYSCTL_RCGCGPIO_R
                               EQU              0x400FE608
   43 00000000         
   44 00000000         
   45 00000000                 AREA             DATA, ALIGN=2
   46 00000000         
   47 00000000         
   48 00000000 00 00 00 
              00       CYCLE   SPACE            4           ; duty cycle percen
                                                            t, 
   49 00000004 00 00 00 
              00       Blink   SPACE            4           ;DUTY CYCLE FOR BRE
                                                            ATHE
   50 00000008 00 00 00 
              00       COUNT   SPACE            4           ; I don't think I n
                                                            eed this
   51 0000000C 00 00 00 
              00       BCO2    SPACE            4           ; BREATHE COUNT 
   52 00000010         
   53 00000010                 ALIGN                        ; make sure the end
                                                             of this section is
                                                             aligned
   54 00000010         
   55 00000010                 IMPORT           TExaS_Init
   56 00000010                 AREA             |.text|, CODE, READONLY, ALIGN=
2
   57 00000000                 THUMB
   58 00000000                 EXPORT           Start
   59 00000000         
   60 00000000         
   61 00000000         
   62 00000000         
   63 00000000         
   64 00000000         
   65 00000000         Start
   66 00000000         
   67 00000000         



ARM Macro Assembler    Page 3 


   68 00000000         
   69 00000000 496B            LDR              R1, =SYSCTL_RCGCGPIO_R ; TExaS_
                                                            Init sets bus clock
                                                             at 80 MHz
   70 00000002 6808            LDR              R0, [R1]    ;Initialization
   71 00000004 F040 0030       ORR              R0, R0, #0x30 ; 
   72 00000008 6008            STR              R0, [R1]    ;
   73 0000000A BF00            NOP                          ;
   74 0000000C BF00            NOP                          ;
   75 0000000E BF00            NOP                          ;
   76 00000010 BF00            NOP                          ;
   77 00000012 4968            LDR              R1, =GPIO_PORTE_DIR_R ;
   78 00000014 6808            LDR              R0, [R1]    ;
   79 00000016 F000 00FD       AND              R0, R0, #0xFD ;
   80 0000001A F040 0001       ORR              R0, R0, #0x01 ; PE1 input and P
                                                            E0 output
   81 0000001E 6008            STR              R0, [R1]    ;
   82 00000020 4965            LDR              R1, =GPIO_PORTE_AFSEL_R ;
   83 00000022 6808            LDR              R0, [R1]    ;
   84 00000024 F000 0000       AND              R0, R0, #0x00 ; 
   85 00000028 6008            STR              R0, [R1]    ;
   86 0000002A 4964            LDR              R1, =GPIO_PORTE_DEN_R ;
   87 0000002C 6808            LDR              R0, [R1]    ;
   88 0000002E F040 0003       ORR              R0, R0, #0x03 ; enables just PE
                                                            0 and PE1
   89 00000032 6008            STR              R0, [R1]    ;
   90 00000034 4962            LDR              R1, =GPIO_PORTF_DIR_R ;
   91 00000036 6808            LDR              R0, [R1]    ;
   92 00000038 F040 0000       ORR              R0, R0, #0x00 ; PF4 INPUT
   93 0000003C 6008            STR              R0, [R1]    ;
   94 0000003E 4961            LDR              R1, =GPIO_PORTF_AFSEL_R ;
   95 00000040 6808            LDR              R0, [R1]    ;
   96 00000042 F000 0000       AND              R0, R0, #0x0000 ;
   97 00000046 6008            STR              R0, [R1]    ;
   98 00000048 495F            LDR              R1, =GPIO_PORTF_PUR_R ;
   99 0000004A 6808            LDR              R0, [R1]    ;
  100 0000004C F040 0010       ORR              R0, R0, #0x10 ;
  101 00000050 6008            STR              R0, [R1]    ;
  102 00000052 495E            LDR              R1, =GPIO_PORTF_DEN_R ;
  103 00000054 6808            LDR              R0, [R1]    ;
  104 00000056 F040 0010       ORR              R0, R0, #0x10 ;
  105 0000005A 6008            STR              R0, [R1]    ;END of initializat
                                                            ion
  106 0000005C         
  107 0000005C         ; TExaS_Init sets bus clock at 80 MHz
  108 0000005C F7FF FFFE       BL               TExaS_Init  ; voltmeter, scope 
                                                            on PD3
  109 00000060 B662            CPSIE            I           ; TExaS voltmeter, 
                                                            scope runs on inter
                                                            rupts
  110 00000062 F000 0000       AND              R0, #0x0000 ;
  111 00000066 F100 0010       ADD              R0, R0, #16 ;
  112 0000006A 4959            LDR              R1, =CYCLE  ;
  113 0000006C 6008            STR              R0, [R1]    ;code to store 20% 
                                                            to duty cycle befor
                                                            e running loop
  114 0000006E         loop
  115 0000006E 4859            LDR              R0,=Blink   ; Check for breathi
                                                            ng



ARM Macro Assembler    Page 4 


  116 00000070 F001 0100       AND              R1, #0x0000 ;
  117 00000074 6001            STR              R1, [R0]    ;
  118 00000076 4858            LDR              R0,=COUNT   ;
  119 00000078 F001 0100       AND              R1, #0x0000 ;
  120 0000007C 6001            STR              R1, [R0]    ;
  121 0000007E 4857            LDR              R0, =GPIO_PORTF_DATA_R ;
  122 00000080 F990 1000       LDRSB            R1, [R0]    ;
  123 00000084 2910            CMP              R1, #0x10   ;
  124 00000086 D141            BNE              AIR         ;
  125 00000088 4855    DUTY    LDR              R0, =GPIO_PORTE_DATA_R ; Check 
                                                            if external switch 
                                                            is pressed. 
  126 0000008A F990 1000       LDRSB            R1, [R0]    ;
  127 0000008E 2902            CMP              R1, #0x02   ;
  128 00000090 D026            BEQ              HIT         ; 
  129 00000092 2903            CMP              R1, #0x03   ;
  130 00000094 D024            BEQ              HIT         ;
  131 00000096 484E    ROUTE   LDR              R0, =CYCLE  ;Delay subroutine 
  132 00000098 F990 1000       LDRSB            R1, [R0]    ;
  133 0000009C 2900            CMP              R1, #0      ;
  134 0000009E D010            BEQ              AGAIN       ;
  135 000000A0 4A50    DELAY   LDR              R2, =TERM   ;
  136 000000A2 484F            LDR              R0, =GPIO_PORTE_DATA_R 
                                                            ;Turn on LED 
  137 000000A4 6803            LDR              R3, [R0]    ;
  138 000000A6 F043 0301       ORR              R3, #0X01   ;
  139 000000AA 6003            STR              R3, [R0]    ;
  140 000000AC 3A01    L1      SUBS             R2, #1      ; Millisecond load
  141 000000AE 2A00            CMP              R2, #0      ; 
  142 000000B0 D1FC            BNE              L1          ;
  143 000000B2 3908            SUBS             R1, #8      ; 
  144 000000B4 2900            CMP              R1, #0      ; on for duty cycle
                                                            
  145 000000B6 D1F3            BNE              DELAY       ; 
  146 000000B8 4845            LDR              R0, =CYCLE  ;
  147 000000BA 6801            LDR              R1, [R0]    ;
  148 000000BC F1D1 0150       RSBS             R1, R1, #80 ;
  149 000000C0 D0D5            BEQ              loop        ;
  150 000000C2 4A48    AGAIN   LDR              R2, =TERM   ;
  151 000000C4 4846            LDR              R0, =GPIO_PORTE_DATA_R 
                                                            ; Turn off LED
  152 000000C6 6803            LDR              R3, [R0]    ;
  153 000000C8 F003 0300       AND              R3, R3, #0x0000 ;
  154 000000CC 6003            STR              R3, [R0]    ;
  155 000000CE 3A01    L2      SUBS             R2, #1      ; off for (duty cyc
                                                            le)!
  156 000000D0 2A00            CMP              R2, #0      ;
  157 000000D2 D1FC            BNE              L2          ;
  158 000000D4 2900            CMP              R1, #0      ;
  159 000000D6 D0CA            BEQ              loop        ;
  160 000000D8 3908            SUBS             R1, #8      ;
  161 000000DA 2900            CMP              R1, #0      ;
  162 000000DC D1F1            BNE              AGAIN       ;
  163 000000DE E7C6            B                loop        ;
  164 000000E0         
  165 000000E0         
  166 000000E0 483F    HIT     LDR              R0, =GPIO_PORTE_DATA_R ;check f
                                                            or switch release
  167 000000E2 F990 1000       LDRSB            R1, [R0]    ;



ARM Macro Assembler    Page 5 


  168 000000E6 2902            CMP              R1, #0x02   ;
  169 000000E8 D0FA            BEQ              HIT         ; 
  170 000000EA 2903            CMP              R1, #0x03   ;
  171 000000EC D0F8            BEQ              HIT         ;
  172 000000EE 4838            LDR              R0, =CYCLE  ;Duty Cycle subrout
                                                            ine
  173 000000F0 6801            LDR              R1, [R0]    ;
  174 000000F2 3110            ADDS             R1, #16     ; Duty cycle to nex
                                                            t level
  175 000000F4 2950            CMP              R1, #80     ; 0X60
  176 000000F6 D102            BNE              Valid       ; 
  177 000000F8 6001            STR              R1, [R0]    ;
  178 000000FA 3950            SUBS             R1, #80     ;
  179 000000FC E7CB            B                ROUTE       ;
  180 000000FE 2960    Valid   CMP              R1, #96     ;
  181 00000100 D001            BEQ              RESET       ;
  182 00000102 6001            STR              R1, [R0]    ;
  183 00000104 E7C7            B                ROUTE       ; GOES TO DELAY SUB
                                                            ROUTINE
  184 00000106 3960    RESET   SUBS             R1, #96     ;
  185 00000108 6001            STR              R1, [R0]    ;
  186 0000010A E7C4            B                ROUTE       ;
  187 0000010C         
  188 0000010C         ;Incomplete Breathing LED Code
  189 0000010C         
  190 0000010C 4833    AIR     LDR              R0, =GPIO_PORTF_DATA_R ; This m
                                                            akes it blink
  191 0000010E F001 0100       AND              R1, #0x0000 ;
  192 00000112 F002 0200       AND              R2, #0x0000 ;
  193 00000116 F990 1000       LDRSB            R1, [R0]    ;
  194 0000011A 2910            CMP              R1,#0x10    ;
  195 0000011C D0B4            BEQ              DUTY        ;
  196 0000011E 482D    UP      LDR              R0, =Blink  ; Code to increase 
                                                            brightness
  197 00000120 F118 0804       ADDS             R8, R8, #4  ;
  198 00000124 F000 F80F       BL               MINI        ;
  199 00000128 F1B8 0F50       CMP              R8, #80     ;
  200 0000012C D000            BEQ              Down        ;
  201 0000012E E7F6            B                UP          ;
  202 00000130 F8C0 8000 
                       Down    STR              R8, [R0]    ;
  203 00000134 4827            LDR              R0, =Blink  ; Code to decrease 
                                                            brightness
  204 00000136 F1B8 0804       SUBS             R8, #4      ;
  205 0000013A F000 F804       BL               MINI        ;
  206 0000013E F1B8 0F00       CMP              R8, #0      ;
  207 00000142 D0E3            BEQ              AIR         ;
  208 00000144 E7F4            B                Down        ;
  209 00000146 F8C0 8000 
                       MINI    STR              R8, [R0]    ;
  210 0000014A 4824            LDR              R0, =GPIO_PORTF_DATA_R ; This m
                                                            akes it blink
  211 0000014C F001 0100       AND              R1, #0x0000 ;
  212 00000150 F002 0200       AND              R2, #0x0000 ;
  213 00000154 F990 1000       LDRSB            R1, [R0]    ;
  214 00000158 2910            CMP              R1,#0x10    ;
  215 0000015A D095            BEQ              DUTY        ;
  216 0000015C 481E            LDR              R0, =COUNT  ;
  217 0000015E F108 0864       ADD              R8, R8, #100 ;



ARM Macro Assembler    Page 6 


  218 00000162 EA4F 0848       LSL              R8, R8, #1  ;
  219 00000166 F8C0 8000       STR              R8, [R0]    ;   
  220 0000016A 481A            LDR              R0, =Blink  ;Delay subroutine
  221 0000016C 6804            LDR              R4, [R0]    ; R4 CONTAINS DUTY 
                                                            CYCLE
  222 0000016E 4A1A            LDR              R2, =COUNT  ; THIS SHOULD BE LA
                                                            RGE NUMBER
  223 00000170 6815            LDR              R5, [R2]    ;
  224 00000172 481B            LDR              R0, =GPIO_PORTE_DATA_R 
                                                            ; OUTPUT STORAGE 
  225 00000174 6803            LDR              R3, [R0]    ;
  226 00000176 F043 0301       ORR              R3, #0X01   ;
  227 0000017A 6003            STR              R3, [R0]    ;
  228 0000017C 3D01    L3      SUBS             R5, #1      ;
  229 0000017E 2D00            CMP              R5, #0      ; Does this line ma
                                                            tter?
  230 00000180 D1FC            BNE              L3          ;
  231 00000182 3C04            SUBS             R4, #4      ; PERCENTAGE OF DUT
                                                            Y CYCLE. RUNS X NUM
                                                            BER OF TIMES
  232 00000184 2C00            CMP              R4, #0      ;
  233 00000186 D1DE            BNE              MINI        ; 
  234 00000188 4812            LDR              R0, =Blink  ;
  235 0000018A 6804            LDR              R4, [R0]    ;
  236 0000018C F1D4 0450       RSBS             R4, R4, #80 ;
  237 00000190         ;BEQ Down;
  238 00000190 4A11    A2      LDR              R2, =COUNT  ;
  239 00000192 F8D2 8000       LDR              R8, [R2]    ;
  240 00000196 4812            LDR              R0, =GPIO_PORTE_DATA_R ;
  241 00000198 6803            LDR              R3, [R0]    ;
  242 0000019A F003 0300       AND              R3, R3, #0x0000 ;
  243 0000019E 6003            STR              R3, [R0]    ;
  244 000001A0 F1B8 0801 
                       L4      SUBS             R8, #1      ;
  245 000001A4 F1B8 0F00       CMP              R8, #0      ;
  246 000001A8 D1FA            BNE              L4          ;
  247 000001AA 2C00            CMP              R4, #0      ;
  248 000001AC         ;BEQ AIR;
  249 000001AC 3C04            SUBS             R4, #4      ;
  250 000001AE         ;BNE A2;
  251 000001AE         ;B   AIR;
  252 000001AE 4770            BX               LR          ;   
  253 000001B0         
  254 000001B0                 ALIGN                        ; make sure the end
                                                             of this section is
                                                             aligned
  255 000001B0                 END                          ; end of file
              400FE608 
              40024400 
              40024420 
              4002451C 
              40025400 
              40025420 
              40025510 
              4002551C 
              00000000 
              00000000 
              00000000 
              400253FC 



ARM Macro Assembler    Page 7 


              400243FC 
              0002867C 
Command Line: --debug --xref --cpu=Cortex-M4 --apcs=interwork --depend=.\main.d
 -o.\main.o -IC:\Keil\ARM\RV31\INC -IC:\Keil\ARM\CMSIS\Include -IC:\Keil\ARM\In
c\Luminary --list=.\main.lst main.s



ARM Macro Assembler    Page 1 Alphabetic symbol ordering
Relocatable symbols

BCO2 0000000C

Symbol: BCO2
   Definitions
      At line 51 in file main.s
   Uses
      None
Comment: BCO2 unused
Blink 00000004

Symbol: Blink
   Definitions
      At line 49 in file main.s
   Uses
      At line 115 in file main.s
      At line 196 in file main.s
      At line 203 in file main.s
      At line 220 in file main.s
      At line 234 in file main.s

COUNT 00000008

Symbol: COUNT
   Definitions
      At line 50 in file main.s
   Uses
      At line 118 in file main.s
      At line 216 in file main.s
      At line 222 in file main.s
      At line 238 in file main.s

CYCLE 00000000

Symbol: CYCLE
   Definitions
      At line 48 in file main.s
   Uses
      At line 112 in file main.s
      At line 131 in file main.s
      At line 146 in file main.s
      At line 172 in file main.s

DATA 00000000

Symbol: DATA
   Definitions
      At line 45 in file main.s
   Uses
      None
Comment: DATA unused
5 symbols



ARM Macro Assembler    Page 1 Alphabetic symbol ordering
Relocatable symbols

.text 00000000

Symbol: .text
   Definitions
      At line 56 in file main.s
   Uses
      None
Comment: .text unused
A2 00000190

Symbol: A2
   Definitions
      At line 238 in file main.s
   Uses
      None
Comment: A2 unused
AGAIN 000000C2

Symbol: AGAIN
   Definitions
      At line 150 in file main.s
   Uses
      At line 134 in file main.s
      At line 162 in file main.s

AIR 0000010C

Symbol: AIR
   Definitions
      At line 190 in file main.s
   Uses
      At line 124 in file main.s
      At line 207 in file main.s

DELAY 000000A0

Symbol: DELAY
   Definitions
      At line 135 in file main.s
   Uses
      At line 145 in file main.s
Comment: DELAY used once
DUTY 00000088

Symbol: DUTY
   Definitions
      At line 125 in file main.s
   Uses
      At line 195 in file main.s
      At line 215 in file main.s

Down 00000130

Symbol: Down
   Definitions
      At line 202 in file main.s
   Uses
      At line 200 in file main.s
      At line 208 in file main.s



ARM Macro Assembler    Page 2 Alphabetic symbol ordering
Relocatable symbols


HIT 000000E0

Symbol: HIT
   Definitions
      At line 166 in file main.s
   Uses
      At line 128 in file main.s
      At line 130 in file main.s
      At line 169 in file main.s
      At line 171 in file main.s

L1 000000AC

Symbol: L1
   Definitions
      At line 140 in file main.s
   Uses
      At line 142 in file main.s
Comment: L1 used once
L2 000000CE

Symbol: L2
   Definitions
      At line 155 in file main.s
   Uses
      At line 157 in file main.s
Comment: L2 used once
L3 0000017C

Symbol: L3
   Definitions
      At line 228 in file main.s
   Uses
      At line 230 in file main.s
Comment: L3 used once
L4 000001A0

Symbol: L4
   Definitions
      At line 244 in file main.s
   Uses
      At line 246 in file main.s
Comment: L4 used once
MINI 00000146

Symbol: MINI
   Definitions
      At line 209 in file main.s
   Uses
      At line 198 in file main.s
      At line 205 in file main.s
      At line 233 in file main.s

RESET 00000106

Symbol: RESET
   Definitions
      At line 184 in file main.s



ARM Macro Assembler    Page 3 Alphabetic symbol ordering
Relocatable symbols

   Uses
      At line 181 in file main.s
Comment: RESET used once
ROUTE 00000096

Symbol: ROUTE
   Definitions
      At line 131 in file main.s
   Uses
      At line 179 in file main.s
      At line 183 in file main.s
      At line 186 in file main.s

Start 00000000

Symbol: Start
   Definitions
      At line 65 in file main.s
   Uses
      At line 58 in file main.s
Comment: Start used once
UP 0000011E

Symbol: UP
   Definitions
      At line 196 in file main.s
   Uses
      At line 201 in file main.s
Comment: UP used once
Valid 000000FE

Symbol: Valid
   Definitions
      At line 180 in file main.s
   Uses
      At line 176 in file main.s
Comment: Valid used once
loop 0000006E

Symbol: loop
   Definitions
      At line 114 in file main.s
   Uses
      At line 149 in file main.s
      At line 159 in file main.s
      At line 163 in file main.s

19 symbols



ARM Macro Assembler    Page 1 Alphabetic symbol ordering
Absolute symbols

GPIO_PORTE_AFSEL_R 40024420

Symbol: GPIO_PORTE_AFSEL_R
   Definitions
      At line 33 in file main.s
   Uses
      At line 82 in file main.s
Comment: GPIO_PORTE_AFSEL_R used once
GPIO_PORTE_DATA_R 400243FC

Symbol: GPIO_PORTE_DATA_R
   Definitions
      At line 31 in file main.s
   Uses
      At line 125 in file main.s
      At line 136 in file main.s
      At line 151 in file main.s
      At line 166 in file main.s
      At line 224 in file main.s
      At line 240 in file main.s

GPIO_PORTE_DEN_R 4002451C

Symbol: GPIO_PORTE_DEN_R
   Definitions
      At line 34 in file main.s
   Uses
      At line 86 in file main.s
Comment: GPIO_PORTE_DEN_R used once
GPIO_PORTE_DIR_R 40024400

Symbol: GPIO_PORTE_DIR_R
   Definitions
      At line 32 in file main.s
   Uses
      At line 77 in file main.s
Comment: GPIO_PORTE_DIR_R used once
GPIO_PORTF_AFSEL_R 40025420

Symbol: GPIO_PORTF_AFSEL_R
   Definitions
      At line 38 in file main.s
   Uses
      At line 94 in file main.s
Comment: GPIO_PORTF_AFSEL_R used once
GPIO_PORTF_DATA_R 400253FC

Symbol: GPIO_PORTF_DATA_R
   Definitions
      At line 36 in file main.s
   Uses
      At line 121 in file main.s
      At line 190 in file main.s
      At line 210 in file main.s

GPIO_PORTF_DEN_R 4002551C

Symbol: GPIO_PORTF_DEN_R
   Definitions



ARM Macro Assembler    Page 2 Alphabetic symbol ordering
Absolute symbols

      At line 40 in file main.s
   Uses
      At line 102 in file main.s
Comment: GPIO_PORTF_DEN_R used once
GPIO_PORTF_DIR_R 40025400

Symbol: GPIO_PORTF_DIR_R
   Definitions
      At line 37 in file main.s
   Uses
      At line 90 in file main.s
Comment: GPIO_PORTF_DIR_R used once
GPIO_PORTF_PUR_R 40025510

Symbol: GPIO_PORTF_PUR_R
   Definitions
      At line 39 in file main.s
   Uses
      At line 98 in file main.s
Comment: GPIO_PORTF_PUR_R used once
SYSCTL_RCGCGPIO_R 400FE608

Symbol: SYSCTL_RCGCGPIO_R
   Definitions
      At line 42 in file main.s
   Uses
      At line 69 in file main.s
Comment: SYSCTL_RCGCGPIO_R used once
TERM 0002867C

Symbol: TERM
   Definitions
      At line 41 in file main.s
   Uses
      At line 135 in file main.s
      At line 150 in file main.s

11 symbols



ARM Macro Assembler    Page 1 Alphabetic symbol ordering
External symbols

TExaS_Init 00000000

Symbol: TExaS_Init
   Definitions
      At line 55 in file main.s
   Uses
      At line 108 in file main.s
Comment: TExaS_Init used once
1 symbol
368 symbols in table
