trees.blip
___________________Whitespace Test___________________
x = 0
* 
	 + 5 3 
	 - x 1 == -8
1 tests passed
0 tests failed
___________________Giant Tree Tests___________________

Expression: ! ~ ! ~ ! * + 756 >= 20 % <= > && * 3 2 < 1 0 
            || <= 7 7 ! != 41 42 3 30 - ~ * 75 / ! == 2 2 && * ~
            3 2 75 + && 1 ! / 46 23 / 23 2 
Your output: 0
Answer == 0
2 tests passed
0 tests failed
Expression: * + 756 >= 20 % <= > && * 3 2 < 1 0 
                  || <= 7 7 ! != 41 42 3 30 - ~ * 75 / ! == 2 2 && * ~
                  3 2 75 + && 1 ! / 46 23 / 23 2 = 
Your output: -8327
Answer == -8327
3 tests passed
0 tests failed


Expression: == + 3 / - % 2530 139 != > 20 23 < 1 1 || <= >= 30 17 70 0 
                  - 4 * 2 && 3 / 1 1
Your output: 0
Answer == 0
4 tests passed
0 tests failed


Expression: + + 3 / - % 2530 139 != > 20 23 < 1 1 || <= >= 30 17 70 0 
                  - 4 * 2 && 3 / 1 1
Your output: 33
Answer == 33
5 tests passed
0 tests failed


___________________Unary Tree Tests___________________

Expression: ~ ! ~ ! ~ ! 1000 
Your output: 0
Answer == 0
6 tests passed
0 tests failed


Expression: ~ ~ ~ ! ! 42 
Your output: -1
Answer == -1
7 tests passed
0 tests failed


Expression: ! ~ ~ ! 3 
Your output: 1
Answer == 1
8 tests passed
0 tests failed


Expression: ! ! ! ! ! 0 
Your output: 1
Answer == 1
9 tests passed
0 tests failed


Expression: ~ ~ ~ ~ ~ 20 
Your output: -20
Answer == -20
10 tests passed 
0 tests failed


